#
# A fatal error has been detected by the Java Runtime Environment:
#
#  SIGILL (0x4) at pc=0x00007fff9368902f, pid=27270, tid=32267
#
# JRE version: Java(TM) SE Runtime Environment (8.0_25-b17) (build 1.8.0_25-b17)
# Java VM: Java HotSpot(TM) 64-Bit Server VM (25.25-b02 mixed mode bsd-amd64 compressed oops)
# Problematic frame:
# C  [libobjc.A.dylib+0x1302f]  _objc_trap()+0x4
#
# Failed to write core dump. Core dumps have been disabled. To enable core dumping, try "ulimit -c unlimited" before starting Java again
#
# If you would like to submit a bug report, please visit:
#   http://bugreport.sun.com/bugreport/crash.jsp
# The crash happened outside the Java Virtual Machine in native code.
# See problematic frame for where to report the bug.
#

---------------  T H R E A D  ---------------

Current thread (0x00007f92e9bc2000):  JavaThread "nREPL-worker-19" daemon [_thread_in_native, id=32267, stack(0x0000700001862000,0x0000700001962000)]

siginfo: si_signo: 4 (SIGILL), si_code: 1 (ILL_ILLOPC), si_addr: 0x00007fff9368902f

Registers:
RAX=0x0000000000000000, RBX=0x00007f92e9a99000, RCX=0x0000000000000000, RDX=0x00007fff74e88b30
RSP=0x0000700001960320, RBP=0x0000700001960320, RSI=0x0000010000000100, RDI=0x00007fff74e88b10
R8 =0x00000000fffffffc, R9 =0x00007fff74e88b28, R10=0x00000000ffffffff, R11=0x0000000000000160
R12=0x0000000000000000, R13=0x0000000000000000, R14=0x0000000000000001, R15=0x0000000000000000
RIP=0x00007fff9368902f, EFLAGS=0x0000000000010202, ERR=0x0000000000000000
  TRAPNO=0x0000000000000006

Top of Stack: (sp=0x0000700001960320)
0x0000700001960320:   0000700001960410 00007fff9368917f
0x0000700001960330:   000000010000000b 00007f92e9a99000
0x0000700001960340:   0000000000000000 0000000000000000
0x0000700001960350:   0000000000000000 0000000000000000
0x0000700001960360:   0000000000000002 00007f92e9bc2000
0x0000700001960370:   0000700001960400 0000700001960688
0x0000700001960380:   0000000000000000 0000000107b2c940
0x0000700001960390:   00007f92e9bc2000 00007000019605d8
0x00007000019603a0:   0000700001960680 00007f92e9bc2000
0x00007000019603b0:   00007f92e9bc2000 00007f92e859afd0
0x00007000019603c0:   00007f92ea90bb40 00007f92ea90bb68
0x00007000019603d0:   00007f92ea90bc28 00000000000000d8
0x00007000019603e0:   00007f92e87aa2b0 00007f92e87aa1a0
0x00007000019603f0:   0000003000000030 0000700001960450
0x0000700001960400:   0000700001960330 0000700001960980
0x0000700001960410:   0000700001960480 00007fff936942d7
0x0000700001960420:   00007000a1a1a1a1 000000014f545541
0x0000700001960430:   00007f92454c4552 0000000121455341
0x0000700001960440:   0000000000000000 0000700001962000
0x0000700001960450:   0000000000000000 00007f92e9a99038
0x0000700001960460:   0000000000000000 0600db43f60e86b7
0x0000700001960470:   00007f92e9a99038 00007f92e9a99000
0x0000700001960480:   00007000019608d0 00007fff9367c9a4
0x0000700001960490:   00007f92e9bc2000 000000012044a5c0
0x00007000019604a0:   0000000001960530 000000012044a5c0
0x00007000019604b0:   000000012044a5c0 000000012044a5c0
0x00007000019604c0:   0000000107b2c940 000000012044a5c0
0x00007000019604d0:   000000012044a5c0 00007f92e9bc2000
0x00007000019604e0:   0000700001960500 00000001070a36e7
0x00007000019604f0:   00007000019605d8 00007f92e9bc2000
0x0000700001960500:   00007000019605c0 0000000106ed4782
0x0000700001960510:   0000000700000001 00007f92e9bc2000 

Instructions: (pc=0x00007fff9368902f)
0x00007fff9368900f:   00 00 bf 02 00 00 00 48 89 de 48 89 c2 e8 a1 bf
0x00007fff9368901f:   00 00 48 81 c4 98 00 00 00 5b 5d c3 55 48 89 e5
0x00007fff9368902f:   0f 0b 55 48 89 e5 48 81 ec d0 00 00 00 84 c0 74
0x00007fff9368903f:   2e c5 f8 29 85 60 ff ff ff c5 f8 29 8d 70 ff ff 

Register to memory mapping:

RAX=0x0000000000000000 is an unknown value
RBX=0x00007f92e9a99000 is an unknown value
RCX=0x0000000000000000 is an unknown value
RDX=0x00007fff74e88b30: _ZZL14_objc_crashlogPKcE13crashlog_lock+0x20 in /usr/lib/libobjc.A.dylib at 0x00007fff93676000
RSP=0x0000700001960320 is pointing into the stack for thread: 0x00007f92e9bc2000
RBP=0x0000700001960320 is pointing into the stack for thread: 0x00007f92e9bc2000
RSI=0x0000010000000100 is an unknown value
RDI=0x00007fff74e88b10: _ZZL14_objc_crashlogPKcE13crashlog_lock+0 in /usr/lib/libobjc.A.dylib at 0x00007fff93676000
R8 =0x00000000fffffffc is an unknown value
R9 =0x00007fff74e88b28: _ZZL14_objc_crashlogPKcE13crashlog_lock+0x18 in /usr/lib/libobjc.A.dylib at 0x00007fff93676000
R10=0x00000000ffffffff is an unknown value
R11=0x0000000000000160 is an unknown value
R12=0x0000000000000000 is an unknown value
R13=0x0000000000000000 is an unknown value
R14=0x0000000000000001 is an unknown value
R15=0x0000000000000000 is an unknown value


Stack: [0x0000700001862000,0x0000700001962000],  sp=0x0000700001960320,  free space=1016k
Native frames: (J=compiled Java code, j=interpreted, Vv=VM code, C=native code)
C  [libobjc.A.dylib+0x1302f]  _objc_trap()+0x4
C  [libobjc.A.dylib+0x1317f]  _objc_inform+0x0
C  [libobjc.A.dylib+0x1e2d7]  (anonymous namespace)::AutoreleasePoolPage::busted(bool)+0x89
C  [libobjc.A.dylib+0x69a4]  (anonymous namespace)::AutoreleasePoolPage::pop(void*)+0x46
C  [CoreFoundation+0x38102]  _CFAutoreleasePoolPop+0x32
C  [Foundation+0x1b6c5]  -[NSAutoreleasePool release]+0x92
C  [libglfw.dylib+0x89e1]  _glfwPlatformTerminate+0xa1
C  [libglfw.dylib+0x58b4]  glfwTerminate+0xb4
j  org.lwjgl.system.JNI.invokeV(J)V+0
j  org.lwjgl.glfw.GLFW.glfwTerminate()V+8
j  cljgl.core$run_app.invoke()Ljava/lang/Object;+51
j  cljgl.core$eval2791.invoke()Ljava/lang/Object;+9
J 2072 C1 clojure.lang.Compiler.eval(Ljava/lang/Object;Z)Ljava/lang/Object; (393 bytes) @ 0x0000000108388384 [0x0000000108386880+0x1b04]
j  clojure.lang.Compiler.load(Ljava/io/Reader;Ljava/lang/String;Ljava/lang/String;)Ljava/lang/Object;+354
j  cljgl.core$eval2787.invoke()Ljava/lang/Object;+65
J 2072 C1 clojure.lang.Compiler.eval(Ljava/lang/Object;Z)Ljava/lang/Object; (393 bytes) @ 0x0000000108388384 [0x0000000108386880+0x1b04]
j  clojure.lang.Compiler.eval(Ljava/lang/Object;)Ljava/lang/Object;+2
j  clojure.core$eval.invoke(Ljava/lang/Object;)Ljava/lang/Object;+3
J 2900 C1 clojure.main$repl$read_eval_print__7099$fn__7102.invoke()Ljava/lang/Object; (55 bytes) @ 0x0000000108035c34 [0x0000000108035a20+0x214]
J 2749 C1 clojure.main$repl$read_eval_print__7099.invoke()Ljava/lang/Object; (292 bytes) @ 0x0000000107ee56dc [0x0000000107ee3680+0x205c]
J 2661 C1 clojure.main$repl$fn__7108.invoke()Ljava/lang/Object; (67 bytes) @ 0x0000000107f35b6c [0x0000000107f35960+0x20c]
j  clojure.main$repl.doInvoke(Ljava/lang/Object;)Ljava/lang/Object;+585
j  clojure.lang.RestFn.invoke(Ljava/lang/Object;Ljava/lang/Object;Ljava/lang/Object;Ljava/lang/Object;Ljava/lang/Object;Ljava/lang/Object;Ljava/lang/Object;Ljava/lang/Object;Ljava/lang/Object;Ljava/lang/Object;Ljava/lang/Object;Ljava/lang/Object;Ljava/lang/Object;Ljava/lang/Object;)Ljava/lang/Object;+259
j  clojure.tools.nrepl.middleware.interruptible_eval$evaluate$fn__641.invoke()Ljava/lang/Object;+273
J 2599 C2 clojure.lang.AFn.applyToHelper(Lclojure/lang/IFn;Lclojure/lang/ISeq;)Ljava/lang/Object; (3238 bytes) @ 0x000000010852d980 [0x000000010852cea0+0xae0]

Java frames: (J=compiled Java code, j=interpreted, Vv=VM code)
j  org.lwjgl.system.JNI.invokeV(J)V+0
j  org.lwjgl.glfw.GLFW.glfwTerminate()V+8
j  cljgl.core$run_app.invoke()Ljava/lang/Object;+51
j  cljgl.core$eval2791.invoke()Ljava/lang/Object;+9
J 2072 C1 clojure.lang.Compiler.eval(Ljava/lang/Object;Z)Ljava/lang/Object; (393 bytes) @ 0x0000000108388384 [0x0000000108386880+0x1b04]
j  clojure.lang.Compiler.load(Ljava/io/Reader;Ljava/lang/String;Ljava/lang/String;)Ljava/lang/Object;+354
j  cljgl.core$eval2787.invoke()Ljava/lang/Object;+65
J 2072 C1 clojure.lang.Compiler.eval(Ljava/lang/Object;Z)Ljava/lang/Object; (393 bytes) @ 0x0000000108388384 [0x0000000108386880+0x1b04]
j  clojure.lang.Compiler.eval(Ljava/lang/Object;)Ljava/lang/Object;+2
j  clojure.core$eval.invoke(Ljava/lang/Object;)Ljava/lang/Object;+3
J 2900 C1 clojure.main$repl$read_eval_print__7099$fn__7102.invoke()Ljava/lang/Object; (55 bytes) @ 0x0000000108035c34 [0x0000000108035a20+0x214]
J 2749 C1 clojure.main$repl$read_eval_print__7099.invoke()Ljava/lang/Object; (292 bytes) @ 0x0000000107ee56dc [0x0000000107ee3680+0x205c]
J 2661 C1 clojure.main$repl$fn__7108.invoke()Ljava/lang/Object; (67 bytes) @ 0x0000000107f35b6c [0x0000000107f35960+0x20c]
j  clojure.main$repl.doInvoke(Ljava/lang/Object;)Ljava/lang/Object;+585
j  clojure.lang.RestFn.invoke(Ljava/lang/Object;Ljava/lang/Object;Ljava/lang/Object;Ljava/lang/Object;Ljava/lang/Object;Ljava/lang/Object;Ljava/lang/Object;Ljava/lang/Object;Ljava/lang/Object;Ljava/lang/Object;Ljava/lang/Object;Ljava/lang/Object;Ljava/lang/Object;Ljava/lang/Object;)Ljava/lang/Object;+259
j  clojure.tools.nrepl.middleware.interruptible_eval$evaluate$fn__641.invoke()Ljava/lang/Object;+273
J 2599 C2 clojure.lang.AFn.applyToHelper(Lclojure/lang/IFn;Lclojure/lang/ISeq;)Ljava/lang/Object; (3238 bytes) @ 0x000000010852d980 [0x000000010852cea0+0xae0]
J 475 C1 clojure.lang.AFn.applyTo(Lclojure/lang/ISeq;)Ljava/lang/Object; (12 bytes) @ 0x0000000107d55efc [0x0000000107d55e40+0xbc]
J 1460 C1 clojure.core$apply.invoke(Ljava/lang/Object;Ljava/lang/Object;)Ljava/lang/Object; (32 bytes) @ 0x00000001080cc954 [0x00000001080cc400+0x554]
j  clojure.core$with_bindings_STAR_.doInvoke(Ljava/lang/Object;Ljava/lang/Object;Ljava/lang/Object;)Ljava/lang/Object;+33
J 2784 C2 clojure.lang.RestFn.invoke(Ljava/lang/Object;Ljava/lang/Object;)Ljava/lang/Object; (119 bytes) @ 0x0000000107f629a8 [0x0000000107f627e0+0x1c8]
j  clojure.tools.nrepl.middleware.interruptible_eval$evaluate.invoke(Ljava/lang/Object;Ljava/lang/Object;)Ljava/lang/Object;+616
j  clojure.tools.nrepl.middleware.interruptible_eval$interruptible_eval$fn__683$fn__686.invoke()Ljava/lang/Object;+105
j  clojure.tools.nrepl.middleware.interruptible_eval$run_next$fn__678.invoke()Ljava/lang/Object;+7
j  clojure.lang.AFn.run()V+1
j  java.util.concurrent.ThreadPoolExecutor.runWorker(Ljava/util/concurrent/ThreadPoolExecutor$Worker;)V+95
j  java.util.concurrent.ThreadPoolExecutor$Worker.run()V+5
j  java.lang.Thread.run()V+11
v  ~StubRoutines::call_stub

---------------  P R O C E S S  ---------------

Java Threads: ( => current thread )
=>0x00007f92e9bc2000 JavaThread "nREPL-worker-19" daemon [_thread_in_native, id=32267, stack(0x0000700001862000,0x0000700001962000)]
  0x00007f92e9a04800 JavaThread "clojure-agent-send-off-pool-33" [_thread_blocked, id=23075, stack(0x000070000175f000,0x000070000185f000)]
  0x00007f92eddd0000 JavaThread "clojure-agent-send-off-pool-32" [_thread_in_native, id=25875, stack(0x0000700001559000,0x0000700001659000)]
  0x00007f92edada000 JavaThread "clojure-agent-send-off-pool-31" [_thread_blocked, id=22559, stack(0x0000700000d3e000,0x0000700000e3e000)]
  0x00007f92ed0a5800 JavaThread "clojure-agent-send-off-pool-29" [_thread_in_native, id=26135, stack(0x000070000165c000,0x000070000175c000)]
  0x00007f92e9e2b800 JavaThread "clojure-agent-send-off-pool-6" [_thread_in_native, id=26371, stack(0x0000700001b6b000,0x0000700001c6b000)]
  0x00007f92e9bcc800 JavaThread "clojure-agent-send-off-pool-4" [_thread_blocked, id=25347, stack(0x0000700001965000,0x0000700001a65000)]
  0x00007f92e901d000 JavaThread "Service Thread" daemon [_thread_blocked, id=21251, stack(0x0000700001353000,0x0000700001453000)]
  0x00007f92e982e800 JavaThread "C1 CompilerThread3" daemon [_thread_blocked, id=20739, stack(0x0000700001250000,0x0000700001350000)]
  0x00007f92ea01c800 JavaThread "C2 CompilerThread2" daemon [_thread_blocked, id=20227, stack(0x000070000114d000,0x000070000124d000)]
  0x00007f92e9014800 JavaThread "C2 CompilerThread1" daemon [_thread_blocked, id=19715, stack(0x000070000104a000,0x000070000114a000)]
  0x00007f92e9013000 JavaThread "C2 CompilerThread0" daemon [_thread_blocked, id=19203, stack(0x0000700000f47000,0x0000700001047000)]
  0x00007f92e9001000 JavaThread "Signal Dispatcher" daemon [_thread_blocked, id=14863, stack(0x0000700000e44000,0x0000700000f44000)]
  0x00007f92e984e800 JavaThread "Finalizer" daemon [_thread_blocked, id=14339, stack(0x0000700000c3b000,0x0000700000d3b000)]
  0x00007f92ea008000 JavaThread "Reference Handler" daemon [_thread_blocked, id=13827, stack(0x0000700000b38000,0x0000700000c38000)]
  0x00007f92e880d800 JavaThread "main" [_thread_blocked, id=3083, stack(0x000070000011a000,0x000070000021a000)]

Other Threads:
  0x00007f92e984d800 VMThread [stack: 0x0000700000a35000,0x0000700000b35000] [id=13315]
  0x00007f92e9010000 WatcherThread [stack: 0x0000700001456000,0x0000700001556000] [id=21763]

VM state:not at safepoint (normal execution)

VM Mutex/Monitor currently owned by a thread: None

Heap:
 PSYoungGen      total 531968K, used 130017K [0x000000076ab00000, 0x000000079ee00000, 0x00000007c0000000)
  eden space 522240K, 24% used [0x000000076ab00000,0x00000007729f85a0,0x000000078a900000)
  from space 9728K, 0% used [0x000000078a900000,0x000000078a900000,0x000000078b280000)
  to   space 9728K, 0% used [0x000000079e480000,0x000000079e480000,0x000000079ee00000)
 ParOldGen       total 84992K, used 15333K [0x00000006c0000000, 0x00000006c5300000, 0x000000076ab00000)
  object space 84992K, 18% used [0x00000006c0000000,0x00000006c0ef96e0,0x00000006c5300000)
 Metaspace       used 21135K, capacity 24836K, committed 25088K, reserved 1069056K
  class space    used 4613K, capacity 5773K, committed 5888K, reserved 1048576K

Card table byte_map: [0x0000000116edc000,0x00000001176dd000] byte_map_base: 0x00000001138dc000

Marking Bits: (ParMarkBitMap*) 0x000000010749d390
 Begin Bits: [0x0000000117c33000, 0x000000011bc33000)
 End Bits:   [0x000000011bc33000, 0x000000011fc33000)

Polling page: 0x0000000105ace000

CodeCache: size=245760Kb used=10163Kb max_used=10182Kb free=235596Kb
 bounds [0x0000000107b1c000, 0x00000001085cc000, 0x0000000116b1c000]
 total_blobs=2723 nmethods=2205 adapters=432
 compilation: enabled

Compilation events (10 events):
Event: 2714.667 Thread 0x00007f92e9014800 2909       4       java.lang.Integer::toString (48 bytes)
Event: 2714.667 Thread 0x00007f92e982e800 2910       3       java.io.StringWriter::<init> (24 bytes)
Event: 2714.667 Thread 0x00007f92e982e800 nmethod 2910 0x00000001084c7b10 code [0x00000001084c7ca0, 0x00000001084c8110]
Event: 2714.667 Thread 0x00007f92e982e800 2911       3       java.io.Writer::<init> (10 bytes)
Event: 2714.667 Thread 0x00007f92e982e800 nmethod 2911 0x0000000108151310 code [0x0000000108151480, 0x0000000108151650]
Event: 2714.669 Thread 0x00007f92e9013000 2912       4       sun.reflect.UnsafeQualifiedStaticIntegerFieldAccessorImpl::getInt (15 bytes)
Event: 2714.669 Thread 0x00007f92ea01c800 2913       4       java.lang.Integer::toString (8 bytes)
Event: 2714.669 Thread 0x00007f92e9013000 nmethod 2912 0x0000000107f1f110 code [0x0000000107f1f260, 0x0000000107f1f2d8]
Event: 2714.672 Thread 0x00007f92e9014800 nmethod 2909 0x0000000108058e50 code [0x0000000108058fe0, 0x0000000108059608]
Event: 2714.675 Thread 0x00007f92ea01c800 nmethod 2913 0x0000000108279e50 code [0x0000000108279fe0, 0x000000010827a608]

GC Heap History (10 events):
Event: 1.690 GC heap before
{Heap before GC invocations=6 (full 0):
 PSYoungGen      total 141824K, used 139632K [0x000000076ab00000, 0x000000077bd00000, 0x00000007c0000000)
  eden space 131072K, 100% used [0x000000076ab00000,0x0000000772b00000,0x0000000772b00000)
  from space 10752K, 79% used [0x0000000772b00000,0x000000077335c090,0x0000000773580000)
  to   space 9216K, 0% used [0x000000077b400000,0x000000077b400000,0x000000077bd00000)
 ParOldGen       total 175104K, used 56K [0x00000006c0000000, 0x00000006cab00000, 0x000000076ab00000)
  object space 175104K, 0% used [0x00000006c0000000,0x00000006c000e000,0x00000006cab00000)
 Metaspace       used 17280K, capacity 18990K, committed 19328K, reserved 1064960K
  class space    used 3538K, capacity 4121K, committed 4224K, reserved 1048576K
Event: 1.700 GC heap after
Heap after GC invocations=6 (full 0):
 PSYoungGen      total 270336K, used 9184K [0x000000076ab00000, 0x000000077bf00000, 0x00000007c0000000)
  eden space 261120K, 0% used [0x000000076ab00000,0x000000076ab00000,0x000000077aa00000)
  from space 9216K, 99% used [0x000000077b400000,0x000000077bcf8060,0x000000077bd00000)
  to   space 10240K, 0% used [0x000000077aa00000,0x000000077aa00000,0x000000077b400000)
 ParOldGen       total 175104K, used 878K [0x00000006c0000000, 0x00000006cab00000, 0x000000076ab00000)
  object space 175104K, 0% used [0x00000006c0000000,0x00000006c00db908,0x00000006cab00000)
 Metaspace       used 17280K, capacity 18990K, committed 19328K, reserved 1064960K
  class space    used 3538K, capacity 4121K, committed 4224K, reserved 1048576K
}
Event: 1.834 GC heap before
{Heap before GC invocations=7 (full 0):
 PSYoungGen      total 270336K, used 270304K [0x000000076ab00000, 0x000000077bf00000, 0x00000007c0000000)
  eden space 261120K, 100% used [0x000000076ab00000,0x000000077aa00000,0x000000077aa00000)
  from space 9216K, 99% used [0x000000077b400000,0x000000077bcf8060,0x000000077bd00000)
  to   space 10240K, 0% used [0x000000077aa00000,0x000000077aa00000,0x000000077b400000)
 ParOldGen       total 175104K, used 878K [0x00000006c0000000, 0x00000006cab00000, 0x000000076ab00000)
  object space 175104K, 0% used [0x00000006c0000000,0x00000006c00db908,0x00000006cab00000)
 Metaspace       used 17405K, capacity 19248K, committed 19456K, reserved 1064960K
  class space    used 3576K, capacity 4231K, committed 4352K, reserved 1048576K
Event: 1.843 GC heap after
Heap after GC invocations=7 (full 0):
 PSYoungGen      total 271360K, used 7264K [0x000000076ab00000, 0x000000078bd00000, 0x00000007c0000000)
  eden space 261120K, 0% used [0x000000076ab00000,0x000000076ab00000,0x000000077aa00000)
  from space 10240K, 70% used [0x000000077aa00000,0x000000077b118000,0x000000077b400000)
  to   space 10240K, 0% used [0x000000078b300000,0x000000078b300000,0x000000078bd00000)
 ParOldGen       total 175104K, used 5386K [0x00000006c0000000, 0x00000006cab00000, 0x000000076ab00000)
  object space 175104K, 3% used [0x00000006c0000000,0x00000006c0542a30,0x00000006cab00000)
 Metaspace       used 17405K, capacity 19248K, committed 19456K, reserved 1064960K
  class space    used 3576K, capacity 4231K, committed 4352K, reserved 1048576K
}
Event: 2.546 GC heap before
{Heap before GC invocations=8 (full 0):
 PSYoungGen      total 271360K, used 268384K [0x000000076ab00000, 0x000000078bd00000, 0x00000007c0000000)
  eden space 261120K, 100% used [0x000000076ab00000,0x000000077aa00000,0x000000077aa00000)
  from space 10240K, 70% used [0x000000077aa00000,0x000000077b118000,0x000000077b400000)
  to   space 10240K, 0% used [0x000000078b300000,0x000000078b300000,0x000000078bd00000)
 ParOldGen       total 175104K, used 5386K [0x00000006c0000000, 0x00000006cab00000, 0x000000076ab00000)
  object space 175104K, 3% used [0x00000006c0000000,0x00000006c0542a30,0x00000006cab00000)
 Metaspace       used 17424K, capacity 19254K, committed 19456K, reserved 1064960K
  class space    used 3582K, capacity 4232K, committed 4352K, reserved 1048576K
Event: 2.555 GC heap after
Heap after GC invocations=8 (full 0):
 PSYoungGen      total 531456K, used 7600K [0x000000076ab00000, 0x000000078bc00000, 0x00000007c0000000)
  eden space 522240K, 0% used [0x000000076ab00000,0x000000076ab00000,0x000000078a900000)
  from space 9216K, 82% used [0x000000078b300000,0x000000078ba6c010,0x000000078bc00000)
  to   space 9728K, 0% used [0x000000078a900000,0x000000078a900000,0x000000078b280000)
 ParOldGen       total 175104K, used 7370K [0x00000006c0000000, 0x00000006cab00000, 0x000000076ab00000)
  object space 175104K, 4% used [0x00000006c0000000,0x00000006c0732a40,0x00000006cab00000)
 Metaspace       used 17424K, capacity 19254K, committed 19456K, reserved 1064960K
  class space    used 3582K, capacity 4232K, committed 4352K, reserved 1048576K
}
Event: 1686.745 GC heap before
{Heap before GC invocations=9 (full 0):
 PSYoungGen      total 531456K, used 115123K [0x000000076ab00000, 0x000000078bc00000, 0x00000007c0000000)
  eden space 522240K, 20% used [0x000000076ab00000,0x0000000771400dc8,0x000000078a900000)
  from space 9216K, 82% used [0x000000078b300000,0x000000078ba6c010,0x000000078bc00000)
  to   space 9728K, 0% used [0x000000078a900000,0x000000078a900000,0x000000078b280000)
 ParOldGen       total 175104K, used 7370K [0x00000006c0000000, 0x00000006cab00000, 0x000000076ab00000)
  object space 175104K, 4% used [0x00000006c0000000,0x00000006c0732a40,0x00000006cab00000)
 Metaspace       used 18634K, capacity 21224K, committed 21296K, reserved 1067008K
  class space    used 3954K, capacity 4793K, committed 4864K, reserved 1048576K
Event: 1686.753 GC heap after
Heap after GC invocations=9 (full 0):
 PSYoungGen      total 531968K, used 5968K [0x000000076ab00000, 0x000000079ee00000, 0x00000007c0000000)
  eden space 522240K, 0% used [0x000000076ab00000,0x000000076ab00000,0x000000078a900000)
  from space 9728K, 61% used [0x000000078a900000,0x000000078aed4010,0x000000078b280000)
  to   space 9728K, 0% used [0x000000079e480000,0x000000079e480000,0x000000079ee00000)
 ParOldGen       total 175104K, used 9970K [0x00000006c0000000, 0x00000006cab00000, 0x000000076ab00000)
  object space 175104K, 5% used [0x00000006c0000000,0x00000006c09bca90,0x00000006cab00000)
 Metaspace       used 18634K, capacity 21224K, committed 21296K, reserved 1067008K
  class space    used 3954K, capacity 4793K, committed 4864K, reserved 1048576K
}
Event: 1686.753 GC heap before
{Heap before GC invocations=10 (full 1):
 PSYoungGen      total 531968K, used 5968K [0x000000076ab00000, 0x000000079ee00000, 0x00000007c0000000)
  eden space 522240K, 0% used [0x000000076ab00000,0x000000076ab00000,0x000000078a900000)
  from space 9728K, 61% used [0x000000078a900000,0x000000078aed4010,0x000000078b280000)
  to   space 9728K, 0% used [0x000000079e480000,0x000000079e480000,0x000000079ee00000)
 ParOldGen       total 175104K, used 9970K [0x00000006c0000000, 0x00000006cab00000, 0x000000076ab00000)
  object space 175104K, 5% used [0x00000006c0000000,0x00000006c09bca90,0x00000006cab00000)
 Metaspace       used 18634K, capacity 21224K, committed 21296K, reserved 1067008K
  class space    used 3954K, capacity 4793K, committed 4864K, reserved 1048576K
Event: 1686.865 GC heap after
Heap after GC invocations=10 (full 1):
 PSYoungGen      total 531968K, used 0K [0x000000076ab00000, 0x000000079ee00000, 0x00000007c0000000)
  eden space 522240K, 0% used [0x000000076ab00000,0x000000076ab00000,0x000000078a900000)
  from space 9728K, 0% used [0x000000078a900000,0x000000078a900000,0x000000078b280000)
  to   space 9728K, 0% used [0x000000079e480000,0x000000079e480000,0x000000079ee00000)
 ParOldGen       total 84992K, used 15333K [0x00000006c0000000, 0x00000006c5300000, 0x000000076ab00000)
  object space 84992K, 18% used [0x00000006c0000000,0x00000006c0ef96e0,0x00000006c5300000)
 Metaspace       used 18625K, capacity 21206K, committed 21296K, reserved 1067008K
  class space    used 3950K, capacity 4787K, committed 4864K, reserved 1048576K
}

Deoptimization events (10 events):
Event: 1752.009 Thread 0x00007f92e9a04800 Uncommon trap: reason=class_check action=maybe_recompile pc=0x00000001083973ec method=java.util.regex.Pattern$SliceNode.study(Ljava/util/regex/Pattern$TreeInfo;)Z @ 33
Event: 1752.009 Thread 0x00007f92e9a04800 Uncommon trap: reason=bimorphic action=maybe_recompile pc=0x0000000108036850 method=java.util.regex.Matcher.match(II)Z @ 86
Event: 1752.032 Thread 0x00007f92e9a04800 Uncommon trap: reason=bimorphic action=maybe_recompile pc=0x0000000108036850 method=java.util.regex.Matcher.match(II)Z @ 86
Event: 1752.041 Thread 0x00007f92e9a04800 Uncommon trap: reason=bimorphic action=maybe_recompile pc=0x0000000108036850 method=java.util.regex.Matcher.match(II)Z @ 86
Event: 1777.417 Thread 0x00007f92e9a04800 Uncommon trap: reason=bimorphic action=maybe_recompile pc=0x0000000108036850 method=java.util.regex.Matcher.match(II)Z @ 86
Event: 1812.253 Thread 0x00007f92e9a04800 Uncommon trap: reason=class_check action=maybe_recompile pc=0x0000000108063d2c method=clojure.lang.Var.hasRoot()Z @ 4
Event: 1858.761 Thread 0x00007f92ed0a6000 Uncommon trap: reason=class_check action=maybe_recompile pc=0x0000000107c67934 method=clojure.lang.Compiler.analyzeSeq(Lclojure/lang/Compiler$C;Lclojure/lang/ISeq;Ljava/lang/String;)Lclojure/lang/Compiler$Expr; @ 289
Event: 1928.898 Thread 0x00007f92eddd4800 Uncommon trap: reason=class_check action=maybe_recompile pc=0x0000000107c67934 method=clojure.lang.Compiler.analyzeSeq(Lclojure/lang/Compiler$C;Lclojure/lang/ISeq;Ljava/lang/String;)Lclojure/lang/Compiler$Expr; @ 289
Event: 2474.768 Thread 0x00007f92e9bc2000 Uncommon trap: reason=class_check action=maybe_recompile pc=0x0000000107c67934 method=clojure.lang.Compiler.analyzeSeq(Lclojure/lang/Compiler$C;Lclojure/lang/ISeq;Ljava/lang/String;)Lclojure/lang/Compiler$Expr; @ 289
Event: 2496.605 Thread 0x00007f92e9bc2000 Uncommon trap: reason=class_check action=maybe_recompile pc=0x0000000107c67934 method=clojure.lang.Compiler.analyzeSeq(Lclojure/lang/Compiler$C;Lclojure/lang/ISeq;Ljava/lang/String;)Lclojure/lang/Compiler$Expr; @ 289

Internal exceptions (10 events):
Event: 2730.567 Thread 0x00007f92e9bc2000 Exception <a 'java/security/PrivilegedActionException'> (0x000000077296f840) thrown at [/HUDSON3/workspace/8-2-build-macosx-x86_64/jdk8u25/1514/hotspot/src/share/vm/prims/jvm.cpp, line 1312]
Event: 2730.567 Thread 0x00007f92e9bc2000 Exception <a 'java/security/PrivilegedActionException'> (0x0000000772970258) thrown at [/HUDSON3/workspace/8-2-build-macosx-x86_64/jdk8u25/1514/hotspot/src/share/vm/prims/jvm.cpp, line 1312]
Event: 2730.567 Thread 0x00007f92e9bc2000 Exception <a 'java/security/PrivilegedActionException'> (0x0000000772970c70) thrown at [/HUDSON3/workspace/8-2-build-macosx-x86_64/jdk8u25/1514/hotspot/src/share/vm/prims/jvm.cpp, line 1312]
Event: 2730.567 Thread 0x00007f92e9bc2000 Exception <a 'java/security/PrivilegedActionException'> (0x0000000772971688) thrown at [/HUDSON3/workspace/8-2-build-macosx-x86_64/jdk8u25/1514/hotspot/src/share/vm/prims/jvm.cpp, line 1312]
Event: 2730.567 Thread 0x00007f92e9bc2000 Exception <a 'java/security/PrivilegedActionException'> (0x00000007729720a0) thrown at [/HUDSON3/workspace/8-2-build-macosx-x86_64/jdk8u25/1514/hotspot/src/share/vm/prims/jvm.cpp, line 1312]
Event: 2730.567 Thread 0x00007f92e9bc2000 Exception <a 'java/security/PrivilegedActionException'> (0x0000000772972ab8) thrown at [/HUDSON3/workspace/8-2-build-macosx-x86_64/jdk8u25/1514/hotspot/src/share/vm/prims/jvm.cpp, line 1312]
Event: 2730.567 Thread 0x00007f92e9bc2000 Exception <a 'java/security/PrivilegedActionException'> (0x00000007729731b0) thrown at [/HUDSON3/workspace/8-2-build-macosx-x86_64/jdk8u25/1514/hotspot/src/share/vm/prims/jvm.cpp, line 1312]
Event: 2730.567 Thread 0x00007f92e9bc2000 Exception <a 'java/security/PrivilegedActionException'> (0x00000007729738a8) thrown at [/HUDSON3/workspace/8-2-build-macosx-x86_64/jdk8u25/1514/hotspot/src/share/vm/prims/jvm.cpp, line 1312]
Event: 2732.499 Thread 0x00007f92e9bc2000 Exception <a 'java/security/PrivilegedActionException'> (0x00000007729d6470) thrown at [/HUDSON3/workspace/8-2-build-macosx-x86_64/jdk8u25/1514/hotspot/src/share/vm/prims/jvm.cpp, line 1312]
Event: 2732.499 Thread 0x00007f92e9bc2000 Exception <a 'java/security/PrivilegedActionException'> (0x00000007729d67b8) thrown at [/HUDSON3/workspace/8-2-build-macosx-x86_64/jdk8u25/1514/hotspot/src/share/vm/prims/jvm.cpp, line 1312]

Events (10 events):
Event: 2716.747 Executing VM operation: RevokeBias
Event: 2716.747 Executing VM operation: RevokeBias done
Event: 2730.565 Executing VM operation: RevokeBias
Event: 2730.565 Executing VM operation: RevokeBias done
Event: 2730.567 loading class error-callback
Event: 2730.567 loading class error-callback done
Event: 2730.567 loading class error-callback
Event: 2730.567 loading class error-callback done
Event: 2732.497 Executing VM operation: RevokeBias
Event: 2732.497 Executing VM operation: RevokeBias done


Dynamic libraries:
0x0000000002620000 	/System/Library/Frameworks/Cocoa.framework/Versions/A/Cocoa
0x0000000002620000 	/System/Library/Frameworks/Security.framework/Versions/A/Security
0x0000000002620000 	/System/Library/Frameworks/ApplicationServices.framework/Versions/A/ApplicationServices
0x0000000002620000 	/usr/lib/libz.1.dylib
0x0000000002620000 	/usr/lib/libSystem.B.dylib
0x0000000002620000 	/usr/lib/libobjc.A.dylib
0x0000000002620000 	/System/Library/Frameworks/CoreFoundation.framework/Versions/A/CoreFoundation
0x0000000002620000 	/System/Library/Frameworks/Foundation.framework/Versions/C/Foundation
0x0000000002620000 	/System/Library/Frameworks/AppKit.framework/Versions/C/AppKit
0x0000000002620000 	/System/Library/Frameworks/CoreData.framework/Versions/A/CoreData
0x0000000002620000 	/System/Library/PrivateFrameworks/RemoteViewServices.framework/Versions/A/RemoteViewServices
0x0000000002620000 	/System/Library/PrivateFrameworks/UIFoundation.framework/Versions/A/UIFoundation
0x0000000002620000 	/usr/lib/libScreenReader.dylib
0x0000000002620000 	/System/Library/Frameworks/Accelerate.framework/Versions/A/Accelerate
0x0000000002620000 	/System/Library/Frameworks/IOSurface.framework/Versions/A/IOSurface
0x0000000002620000 	/System/Library/Frameworks/AudioToolbox.framework/Versions/A/AudioToolbox
0x0000000002620000 	/System/Library/Frameworks/AudioUnit.framework/Versions/A/AudioUnit
0x0000000002620000 	/System/Library/PrivateFrameworks/DataDetectorsCore.framework/Versions/A/DataDetectorsCore
0x0000000002620000 	/System/Library/PrivateFrameworks/DesktopServicesPriv.framework/Versions/A/DesktopServicesPriv
0x0000000002620000 	/System/Library/Frameworks/Carbon.framework/Versions/A/Frameworks/HIToolbox.framework/Versions/A/HIToolbox
0x0000000002620000 	/System/Library/Frameworks/QuartzCore.framework/Versions/A/QuartzCore
0x0000000002620000 	/System/Library/Frameworks/Carbon.framework/Versions/A/Frameworks/SpeechRecognition.framework/Versions/A/SpeechRecognition
0x0000000002620000 	/usr/lib/libauto.dylib
0x0000000002620000 	/usr/lib/libicucore.A.dylib
0x0000000002620000 	/usr/lib/libxml2.2.dylib
0x0000000002620000 	/System/Library/PrivateFrameworks/CoreUI.framework/Versions/A/CoreUI
0x0000000002620000 	/System/Library/Frameworks/CoreAudio.framework/Versions/A/CoreAudio
0x0000000002620000 	/System/Library/Frameworks/DiskArbitration.framework/Versions/A/DiskArbitration
0x0000000002620000 	/usr/lib/liblangid.dylib
0x0000000002620000 	/System/Library/PrivateFrameworks/MultitouchSupport.framework/Versions/A/MultitouchSupport
0x0000000002620000 	/System/Library/Frameworks/IOKit.framework/Versions/A/IOKit
0x0000000002620000 	/usr/lib/libDiagnosticMessagesClient.dylib
0x0000000002620000 	/System/Library/Frameworks/CoreServices.framework/Versions/A/CoreServices
0x0000000002620000 	/System/Library/PrivateFrameworks/PerformanceAnalysis.framework/Versions/A/PerformanceAnalysis
0x0000000002620000 	/System/Library/PrivateFrameworks/GenerationalStorage.framework/Versions/A/GenerationalStorage
0x0000000002620000 	/System/Library/Frameworks/OpenGL.framework/Versions/A/OpenGL
0x0000000002620000 	/System/Library/PrivateFrameworks/Sharing.framework/Versions/A/Sharing
0x0000000002620000 	/System/Library/Frameworks/CoreGraphics.framework/Versions/A/CoreGraphics
0x0000000002620000 	/System/Library/Frameworks/CoreImage.framework/Versions/A/CoreImage
0x0000000002620000 	/System/Library/Frameworks/CoreText.framework/Versions/A/CoreText
0x0000000002620000 	/System/Library/Frameworks/ImageIO.framework/Versions/A/ImageIO
0x0000000002620000 	/System/Library/PrivateFrameworks/Backup.framework/Versions/A/Backup
0x0000000002620000 	/usr/lib/libextension.dylib
0x0000000002620000 	/usr/lib/libarchive.2.dylib
0x0000000002620000 	/System/Library/Frameworks/CFNetwork.framework/Versions/A/CFNetwork
0x0000000002620000 	/System/Library/Frameworks/SystemConfiguration.framework/Versions/A/SystemConfiguration
0x0000000002620000 	/usr/lib/libCRFSuite.dylib
0x0000000002620000 	/usr/lib/libc++.1.dylib
0x0000000002620000 	/usr/lib/libc++abi.dylib
0x0000000002620000 	/usr/lib/system/libcache.dylib
0x0000000002620000 	/usr/lib/system/libcommonCrypto.dylib
0x0000000002620000 	/usr/lib/system/libcompiler_rt.dylib
0x0000000002620000 	/usr/lib/system/libcopyfile.dylib
0x0000000002620000 	/usr/lib/system/libcorecrypto.dylib
0x0000000002620000 	/usr/lib/system/libdispatch.dylib
0x0000000002620000 	/usr/lib/system/libdyld.dylib
0x0000000002620000 	/usr/lib/system/libkeymgr.dylib
0x0000000002620000 	/usr/lib/system/liblaunch.dylib
0x0000000002620000 	/usr/lib/system/libmacho.dylib
0x0000000002620000 	/usr/lib/system/libquarantine.dylib
0x0000000002620000 	/usr/lib/system/libremovefile.dylib
0x0000000002620000 	/usr/lib/system/libsystem_asl.dylib
0x0000000002620000 	/usr/lib/system/libsystem_blocks.dylib
0x0000000002620000 	/usr/lib/system/libsystem_c.dylib
0x0000000002620000 	/usr/lib/system/libsystem_configuration.dylib
0x0000000002620000 	/usr/lib/system/libsystem_coreservices.dylib
0x0000000002620000 	/usr/lib/system/libsystem_coretls.dylib
0x0000000002620000 	/usr/lib/system/libsystem_dnssd.dylib
0x0000000002620000 	/usr/lib/system/libsystem_info.dylib
0x0000000002620000 	/usr/lib/system/libsystem_kernel.dylib
0x0000000002620000 	/usr/lib/system/libsystem_m.dylib
0x0000000002620000 	/usr/lib/system/libsystem_malloc.dylib
0x0000000002620000 	/usr/lib/system/libsystem_network.dylib
0x0000000002620000 	/usr/lib/system/libsystem_networkextension.dylib
0x0000000002620000 	/usr/lib/system/libsystem_notify.dylib
0x0000000002620000 	/usr/lib/system/libsystem_platform.dylib
0x0000000002620000 	/usr/lib/system/libsystem_pthread.dylib
0x0000000002620000 	/usr/lib/system/libsystem_sandbox.dylib
0x0000000002620000 	/usr/lib/system/libsystem_secinit.dylib
0x0000000002620000 	/usr/lib/system/libsystem_trace.dylib
0x0000000002620000 	/usr/lib/system/libunc.dylib
0x0000000002620000 	/usr/lib/system/libunwind.dylib
0x0000000002620000 	/usr/lib/system/libxpc.dylib
0x0000000002620000 	/usr/lib/libenergytrace.dylib
0x0000000002620000 	/usr/lib/libbsm.0.dylib
0x0000000002620000 	/usr/lib/system/libkxld.dylib
0x0000000002620000 	/usr/lib/libxar.1.dylib
0x0000000002620000 	/usr/lib/libsqlite3.dylib
0x0000000002620000 	/usr/lib/libpam.2.dylib
0x0000000002620000 	/usr/lib/libOpenScriptingUtil.dylib
0x0000000002620000 	/usr/lib/libbz2.1.0.dylib
0x0000000002620000 	/usr/lib/liblzma.5.dylib
0x0000000002620000 	/System/Library/Frameworks/CoreServices.framework/Versions/A/Frameworks/FSEvents.framework/Versions/A/FSEvents
0x0000000002620000 	/System/Library/Frameworks/CoreServices.framework/Versions/A/Frameworks/CarbonCore.framework/Versions/A/CarbonCore
0x0000000002620000 	/System/Library/Frameworks/CoreServices.framework/Versions/A/Frameworks/Metadata.framework/Versions/A/Metadata
0x0000000002620000 	/System/Library/Frameworks/CoreServices.framework/Versions/A/Frameworks/OSServices.framework/Versions/A/OSServices
0x0000000002620000 	/System/Library/Frameworks/CoreServices.framework/Versions/A/Frameworks/SearchKit.framework/Versions/A/SearchKit
0x0000000002620000 	/System/Library/Frameworks/CoreServices.framework/Versions/A/Frameworks/AE.framework/Versions/A/AE
0x0000000002620000 	/System/Library/Frameworks/CoreServices.framework/Versions/A/Frameworks/LaunchServices.framework/Versions/A/LaunchServices
0x0000000002620000 	/System/Library/Frameworks/CoreServices.framework/Versions/A/Frameworks/DictionaryServices.framework/Versions/A/DictionaryServices
0x0000000002620000 	/System/Library/Frameworks/CoreServices.framework/Versions/A/Frameworks/SharedFileList.framework/Versions/A/SharedFileList
0x0000000002620000 	/System/Library/Frameworks/NetFS.framework/Versions/A/NetFS
0x0000000002620000 	/System/Library/PrivateFrameworks/NetAuth.framework/Versions/A/NetAuth
0x0000000002620000 	/System/Library/PrivateFrameworks/login.framework/Versions/A/Frameworks/loginsupport.framework/Versions/A/loginsupport
0x0000000002620000 	/System/Library/PrivateFrameworks/TCC.framework/Versions/A/TCC
0x0000000002620000 	/usr/lib/libmecabra.dylib
0x0000000002620000 	/System/Library/Frameworks/ApplicationServices.framework/Versions/A/Frameworks/ATS.framework/Versions/A/ATS
0x0000000002620000 	/System/Library/Frameworks/ApplicationServices.framework/Versions/A/Frameworks/ColorSync.framework/Versions/A/ColorSync
0x0000000002620000 	/System/Library/Frameworks/ApplicationServices.framework/Versions/A/Frameworks/HIServices.framework/Versions/A/HIServices
0x0000000002620000 	/System/Library/Frameworks/ApplicationServices.framework/Versions/A/Frameworks/LangAnalysis.framework/Versions/A/LangAnalysis
0x0000000002620000 	/System/Library/Frameworks/ApplicationServices.framework/Versions/A/Frameworks/PrintCore.framework/Versions/A/PrintCore
0x0000000002620000 	/System/Library/Frameworks/ApplicationServices.framework/Versions/A/Frameworks/QD.framework/Versions/A/QD
0x0000000002620000 	/System/Library/Frameworks/ApplicationServices.framework/Versions/A/Frameworks/SpeechSynthesis.framework/Versions/A/SpeechSynthesis
0x0000000002620000 	/System/Library/Frameworks/Metal.framework/Versions/A/Metal
0x0000000002620000 	/System/Library/Frameworks/Accelerate.framework/Versions/A/Frameworks/vImage.framework/Versions/A/vImage
0x0000000002620000 	/System/Library/Frameworks/Accelerate.framework/Versions/A/Frameworks/vecLib.framework/Versions/A/vecLib
0x0000000002620000 	/System/Library/Frameworks/Accelerate.framework/Versions/A/Frameworks/vecLib.framework/Versions/A/libvDSP.dylib
0x0000000002620000 	/System/Library/Frameworks/Accelerate.framework/Versions/A/Frameworks/vecLib.framework/Versions/A/libvMisc.dylib
0x0000000002620000 	/System/Library/Frameworks/Accelerate.framework/Versions/A/Frameworks/vecLib.framework/Versions/A/libLAPACK.dylib
0x0000000002620000 	/System/Library/Frameworks/Accelerate.framework/Versions/A/Frameworks/vecLib.framework/Versions/A/libBLAS.dylib
0x0000000002620000 	/System/Library/Frameworks/Accelerate.framework/Versions/A/Frameworks/vecLib.framework/Versions/A/libLinearAlgebra.dylib
0x0000000002620000 	/System/Library/Frameworks/Accelerate.framework/Versions/A/Frameworks/vecLib.framework/Versions/A/libSparseBLAS.dylib
0x0000000002620000 	/System/Library/PrivateFrameworks/GPUCompiler.framework/libmetal_timestamp.dylib
0x0000000002620000 	/System/Library/Frameworks/OpenGL.framework/Versions/A/Libraries/libCoreFSCache.dylib
0x0000000002620000 	/System/Library/PrivateFrameworks/IOAccelerator.framework/Versions/A/IOAccelerator
0x0000000002620000 	/System/Library/Frameworks/ApplicationServices.framework/Versions/A/Frameworks/ATS.framework/Versions/A/Resources/libFontParser.dylib
0x0000000002620000 	/System/Library/Frameworks/ApplicationServices.framework/Versions/A/Frameworks/ATS.framework/Versions/A/Resources/libFontRegistry.dylib
0x0000000002620000 	/System/Library/PrivateFrameworks/AppleVPA.framework/Versions/A/AppleVPA
0x0000000002620000 	/System/Library/PrivateFrameworks/AppleJPEG.framework/Versions/A/AppleJPEG
0x0000000002620000 	/System/Library/Frameworks/ImageIO.framework/Versions/A/Resources/libJPEG.dylib
0x0000000002620000 	/System/Library/Frameworks/ImageIO.framework/Versions/A/Resources/libTIFF.dylib
0x0000000002620000 	/System/Library/Frameworks/ImageIO.framework/Versions/A/Resources/libPng.dylib
0x0000000002620000 	/System/Library/Frameworks/ImageIO.framework/Versions/A/Resources/libGIF.dylib
0x0000000002620000 	/System/Library/Frameworks/ImageIO.framework/Versions/A/Resources/libJP2.dylib
0x0000000002620000 	/System/Library/Frameworks/ImageIO.framework/Versions/A/Resources/libRadiance.dylib
0x0000000002620000 	/System/Library/Frameworks/CoreVideo.framework/Versions/A/CoreVideo
0x0000000002620000 	/System/Library/Frameworks/OpenGL.framework/Versions/A/Libraries/libGLU.dylib
0x0000000002620000 	/System/Library/Frameworks/OpenGL.framework/Versions/A/Libraries/libGFXShared.dylib
0x0000000002620000 	/System/Library/Frameworks/OpenGL.framework/Versions/A/Libraries/libGL.dylib
0x0000000002620000 	/System/Library/Frameworks/OpenGL.framework/Versions/A/Libraries/libGLImage.dylib
0x0000000002620000 	/System/Library/Frameworks/OpenGL.framework/Versions/A/Libraries/libCVMSPluginSupport.dylib
0x0000000002620000 	/System/Library/Frameworks/OpenGL.framework/Versions/A/Libraries/libCoreVMClient.dylib
0x0000000002620000 	/usr/lib/libcups.2.dylib
0x0000000002620000 	/System/Library/Frameworks/Kerberos.framework/Versions/A/Kerberos
0x0000000002620000 	/System/Library/Frameworks/GSS.framework/Versions/A/GSS
0x0000000002620000 	/usr/lib/libresolv.9.dylib
0x0000000002620000 	/usr/lib/libiconv.2.dylib
0x0000000002620000 	/System/Library/PrivateFrameworks/Heimdal.framework/Versions/A/Heimdal
0x0000000002620000 	/usr/lib/libheimdal-asn1.dylib
0x0000000002620000 	/System/Library/Frameworks/OpenDirectory.framework/Versions/A/OpenDirectory
0x0000000002620000 	/System/Library/PrivateFrameworks/CommonAuth.framework/Versions/A/CommonAuth
0x0000000002620000 	/System/Library/Frameworks/OpenDirectory.framework/Versions/A/Frameworks/CFOpenDirectory.framework/Versions/A/CFOpenDirectory
0x0000000002620000 	/System/Library/Frameworks/SecurityFoundation.framework/Versions/A/SecurityFoundation
0x0000000002620000 	/System/Library/PrivateFrameworks/LanguageModeling.framework/Versions/A/LanguageModeling
0x0000000002620000 	/usr/lib/libmarisa.dylib
0x0000000002620000 	/usr/lib/libChineseTokenizer.dylib
0x0000000002620000 	/usr/lib/libcmph.dylib
0x0000000002620000 	/usr/lib/libcompression.dylib
0x0000000002620000 	/System/Library/Frameworks/ServiceManagement.framework/Versions/A/ServiceManagement
0x0000000002620000 	/usr/lib/libxslt.1.dylib
0x0000000002620000 	/System/Library/Frameworks/Carbon.framework/Versions/A/Frameworks/Ink.framework/Versions/A/Ink
0x0000000002620000 	/usr/lib/libFosl_dynamic.dylib
0x0000000002620000 	/System/Library/PrivateFrameworks/FaceCore.framework/Versions/A/FaceCore
0x0000000002620000 	/System/Library/Frameworks/OpenCL.framework/Versions/A/OpenCL
0x0000000002620000 	/System/Library/PrivateFrameworks/CrashReporterSupport.framework/Versions/A/CrashReporterSupport
0x0000000002620000 	/System/Library/PrivateFrameworks/IconServices.framework/Versions/A/IconServices
0x0000000002620000 	/System/Library/PrivateFrameworks/Apple80211.framework/Versions/A/Apple80211
0x0000000002620000 	/System/Library/Frameworks/CoreWLAN.framework/Versions/A/CoreWLAN
0x0000000002620000 	/System/Library/Frameworks/IOBluetooth.framework/Versions/A/IOBluetooth
0x0000000002620000 	/System/Library/PrivateFrameworks/CoreWiFi.framework/Versions/A/CoreWiFi
0x0000000002620000 	/System/Library/Frameworks/CoreBluetooth.framework/Versions/A/CoreBluetooth
0x0000000002620000 	/System/Library/PrivateFrameworks/ChunkingLibrary.framework/Versions/A/ChunkingLibrary
0x0000000002620000 	/System/Library/PrivateFrameworks/DebugSymbols.framework/Versions/A/DebugSymbols
0x0000000002620000 	/System/Library/PrivateFrameworks/CoreSymbolication.framework/Versions/A/CoreSymbolication
0x0000000002620000 	/System/Library/PrivateFrameworks/Symbolication.framework/Versions/A/Symbolication
0x0000000002620000 	/System/Library/PrivateFrameworks/SpeechRecognitionCore.framework/Versions/A/SpeechRecognitionCore
0x0000000106c00000 	/Library/Java/JavaVirtualMachines/jdk1.8.0_25.jdk/Contents/Home/jre/lib/server/libjvm.dylib
0x0000000002620000 	/usr/lib/libstdc++.6.dylib
0x0000000105a8c000 	/Library/Java/JavaVirtualMachines/jdk1.8.0_25.jdk/Contents/Home/jre/lib/libverify.dylib
0x0000000105a9a000 	/Library/Java/JavaVirtualMachines/jdk1.8.0_25.jdk/Contents/Home/jre/lib/libjava.dylib
0x0000000105ad8000 	/Library/Java/JavaVirtualMachines/jdk1.8.0_25.jdk/Contents/Home/jre/lib/libzip.dylib
0x0000000122abb000 	/System/Library/Frameworks/JavaVM.framework/Frameworks/JavaRuntimeSupport.framework/JavaRuntimeSupport
0x0000000122ad6000 	/System/Library/Frameworks/JavaVM.framework/Versions/A/Frameworks/JavaNativeFoundation.framework/Versions/A/JavaNativeFoundation
0x0000000122aeb000 	/System/Library/Frameworks/JavaVM.framework/Versions/A/JavaVM
0x0000000002620000 	/System/Library/Frameworks/Carbon.framework/Versions/A/Carbon
0x0000000122af8000 	/System/Library/PrivateFrameworks/JavaLaunching.framework/Versions/A/JavaLaunching
0x0000000002620000 	/System/Library/Frameworks/Carbon.framework/Versions/A/Frameworks/CommonPanels.framework/Versions/A/CommonPanels
0x0000000002620000 	/System/Library/Frameworks/Carbon.framework/Versions/A/Frameworks/Help.framework/Versions/A/Help
0x0000000002620000 	/System/Library/Frameworks/Carbon.framework/Versions/A/Frameworks/ImageCapture.framework/Versions/A/ImageCapture
0x0000000002620000 	/System/Library/Frameworks/Carbon.framework/Versions/A/Frameworks/OpenScripting.framework/Versions/A/OpenScripting
0x0000000002620000 	/System/Library/Frameworks/Carbon.framework/Versions/A/Frameworks/Print.framework/Versions/A/Print
0x0000000002620000 	/System/Library/Frameworks/Carbon.framework/Versions/A/Frameworks/SecurityHI.framework/Versions/A/SecurityHI
0x000000012448b000 	/Library/Java/JavaVirtualMachines/jdk1.8.0_25.jdk/Contents/Home/jre/lib/libnet.dylib
0x00000001245b9000 	/private/var/folders/g9/bfbr50nj0t71kspl97pvfflm0000gn/T/lwjgltomoram/9f2a598/liblwjgl.dylib
0x00000001244a6000 	/var/folders/g9/bfbr50nj0t71kspl97pvfflm0000gn/T/lwjgltomoram/9f2a598/libjemalloc.dylib
0x000000012450e000 	/var/folders/g9/bfbr50nj0t71kspl97pvfflm0000gn/T/lwjgltomoram/9f2a598/libglfw.dylib

VM Arguments:
jvm_args: -Dfile.encoding=UTF-8 -Dclojure.compile.path=/Users/tomoram/Projects/cljgl/target/base+system+user+dev/classes -Dcljgl.version=0.1.0-SNAPSHOT -Dclojure.debug=false 
java_command: clojure.main -i /private/var/folders/g9/bfbr50nj0t71kspl97pvfflm0000gn/T/form-init5583544426500887096.clj
java_class_path (initial): /Users/tomoram/Projects/cljgl/test:/Users/tomoram/Projects/cljgl/src:/Users/tomoram/Projects/cljgl/dev-resources:/Users/tomoram/Projects/cljgl/resources:/Users/tomoram/Projects/cljgl/target/base+system+user+dev/classes:/Users/tomoram/.m2/repository/org/clojure/clojure/1.7.0/clojure-1.7.0.jar:/Users/tomoram/.m2/repository/org/lwjgl/lwjgl/3.0.0b/lwjgl-3.0.0b.jar:/Users/tomoram/.m2/repository/org/lwjgl/lwjgl-platform/3.0.0b/lwjgl-platform-3.0.0b-natives-osx.jar:/Users/tomoram/.m2/repository/org/clojure/tools.nrepl/0.2.10/tools.nrepl-0.2.10.jar:/Users/tomoram/.m2/repository/clojure-complete/clojure-complete/0.2.3/clojure-complete-0.2.3.jar
Launcher Type: SUN_STANDARD

Environment Variables:
PATH=/Users/tomoram/cr_root/cf-deploy/bin:/Users/tomoram/cr_root/cr-tool/bin:/Users/tomoram/Library/Haskell/bin:/Users/tomoram/Library/Python/2.7/bin:./node_modules/.bin:/Users/tomoram/.rbenv/shims:./vendor/bin:/Users/tomoram/.composer/vendor/bin:/usr/local/opt/php70/bin:./bin:/usr/local/sbin:/Users/tomoram/.rbenv/shims:/Users/tomoram/Library/Python/2.7/bin:./vendor/bin:/Users/tomoram/.composer/vendor/bin:/usr/local/bin:/usr/bin:/bin:/usr/sbin:/sbin:/usr/texbin:/Users/tomoram/.composer/vendor/bin
SHELL=/usr/local/bin/zsh

Signal Handlers:
SIGSEGV: [libjvm.dylib+0x579dc7], sa_mask[0]=11111111011111110111111111111111, sa_flags=SA_ONSTACK|SA_RESTART|SA_SIGINFO
SIGBUS: [libjvm.dylib+0x579dc7], sa_mask[0]=11111111011111110111111111111111, sa_flags=SA_RESTART|SA_SIGINFO
SIGFPE: [libjvm.dylib+0x45b030], sa_mask[0]=11111111011111110111111111111111, sa_flags=SA_RESTART|SA_SIGINFO
SIGPIPE: [libjvm.dylib+0x45b030], sa_mask[0]=11111111011111110111111111111111, sa_flags=SA_RESTART|SA_SIGINFO
SIGXFSZ: [libjvm.dylib+0x45b030], sa_mask[0]=11111111011111110111111111111111, sa_flags=SA_RESTART|SA_SIGINFO
SIGILL: [libjvm.dylib+0x45b030], sa_mask[0]=11111111011111110111111111111111, sa_flags=SA_RESTART|SA_SIGINFO
SIGUSR1: SIG_DFL, sa_mask[0]=11011111011111100000000111000110, sa_flags=none
SIGUSR2: [libjvm.dylib+0x45ab4e], sa_mask[0]=00100000000000000000000000000000, sa_flags=SA_RESTART|SA_SIGINFO
SIGHUP: [libjvm.dylib+0x459121], sa_mask[0]=11111111011111110111111111111111, sa_flags=SA_RESTART|SA_SIGINFO
SIGINT: [libjvm.dylib+0x459121], sa_mask[0]=11111111011111110111111111111111, sa_flags=SA_RESTART|SA_SIGINFO
SIGTERM: [libjvm.dylib+0x459121], sa_mask[0]=11111111011111110111111111111111, sa_flags=SA_RESTART|SA_SIGINFO
SIGQUIT: [libjvm.dylib+0x459121], sa_mask[0]=11111111011111110111111111111111, sa_flags=SA_RESTART|SA_SIGINFO


---------------  S Y S T E M  ---------------

OS:Bsduname:Darwin 15.2.0 Darwin Kernel Version 15.2.0: Fri Nov 13 19:56:56 PST 2015; root:xnu-3248.20.55~2/RELEASE_X86_64 x86_64
rlimit: STACK 8192k, CORE 0k, NPROC 709, NOFILE 10240, AS infinity
load average:1.89 2.07 2.07

CPU:total 8 (4 cores per cpu, 2 threads per core) family 6 model 70 stepping 1, cmov, cx8, fxsr, mmx, sse, sse2, sse3, ssse3, sse4.1, sse4.2, popcnt, avx, avx2, aes, clmul, erms, rtm, lzcnt, ht, tsc, tscinvbit, bmi1, bmi2

Memory: 4k page, physical 16777216k(200544k free)

/proc/meminfo:


vm_info: Java HotSpot(TM) 64-Bit Server VM (25.25-b02) for bsd-amd64 JRE (1.8.0_25-b17), built on Sep 17 2014 16:56:50 by "java_re" with gcc 4.2.1 (Based on Apple Inc. build 5658) (LLVM build 2336.11.00)

time: Sat Jan 23 21:55:40 2016
elapsed time: 2732 seconds (0d 0h 45m 32s)

